<?xml version="1.0" encoding="UTF-8"?>
<!-- Generated by org.testng.reporters.JUnitReportReporter -->
<testsuite hostname="LAPTOP-D6TAF9DO" failures="0" tests="1" name="org.wiki.home.WikiTest" time="9.703" errors="0" timestamp="2023-03-12T11:59:01 IST" skipped="0">
  <testcase classname="org.wiki.home.WikiTest" name="wikiTest" time="9.703"/>
  <system-out/>
</testsuite> <!-- org.wiki.home.WikiTest -->
