<?xml version="1.0" encoding="UTF-8"?>
<!-- Generated by org.testng.reporters.JUnitReportReporter -->
<testsuite hostname="LAPTOP-D6TAF9DO" failures="0" tests="1" name="org.imdb.home.Imdb" time="24.650" errors="0" timestamp="2023-03-12T11:48:47 IST" skipped="0">
  <testcase classname="org.imdb.home.Imdb" name="pushpaMovieTest" time="24.650"/>
  <system-out/>
</testsuite> <!-- org.imdb.home.Imdb -->
