<?xml version="1.0" encoding="UTF-8"?>
<!-- Generated by org.testng.reporters.JUnitReportReporter -->
<testsuite hostname="LAPTOP-D6TAF9DO" failures="0" tests="1" name="withOutBDD.CreateProject" time="2.287" errors="0" timestamp="2022-09-21T15:35:29 IST" skipped="0">
  <testcase classname="withOutBDD.CreateProject" name="createProjectTest" time="2.287"/>
  <system-out/>
</testsuite> <!-- withOutBDD.CreateProject -->
