<?xml version="1.0" encoding="UTF-8"?>
<!-- Generated by org.testng.reporters.JUnitReportReporter -->
<testsuite hostname="LAPTOP-D6TAF9DO" failures="0" tests="1" name="withOutBDD.Abc" time="3.122" errors="0" timestamp="2022-09-21T13:12:53 IST" skipped="0">
  <testcase classname="withOutBDD.Abc" name="abcTest" time="3.122"/>
  <system-out/>
</testsuite> <!-- withOutBDD.Abc -->
