<?xml version="1.0" encoding="UTF-8"?>
<!-- Generated by org.testng.reporters.JUnitReportReporter -->
<testsuite hostname="LAPTOP-D6TAF9DO" failures="0" tests="1" name="practice.CreateCampaign" time="31.023" errors="0" timestamp="10 Nov 2022 17:54:18 GMT">
  <testcase classname="practice.CreateCampaign" name="createCampaignTest" time="31.023"/>
</testsuite> <!-- practice.CreateCampaign -->
